c:\users\souvi\source\repos\integer\integer\x64\debug\vc143.pdb
c:\users\souvi\source\repos\integer\integer\x64\debug\vc143.idb
c:\users\souvi\source\repos\integer\integer\x64\debug\main.obj
c:\users\souvi\source\repos\integer\integer\x64\debug\integer.obj
c:\users\souvi\source\repos\courses\modern c++\integer\integer\x64\debug\vc143.pdb
c:\users\souvi\source\repos\courses\modern c++\integer\integer\x64\debug\vc143.idb
c:\users\souvi\source\repos\courses\modern c++\integer\integer\x64\debug\main.obj
c:\users\souvi\source\repos\courses\modern c++\integer\integer\x64\debug\integer.obj
c:\users\souvi\source\repos\courses\modern c++\integer\integer\x64\debug\number.obj
c:\users\souvi\source\repos\courses\modern c++\integer\integer\x64\debug\smartpointers.obj
c:\users\souvi\source\repos\courses\modern c++\integer\integer\x64\debug\uniquepointer.obj
c:\users\souvi\source\repos\courses\modern c++\integer\integer\x64\debug\sharedpointer.obj
c:\users\souvi\source\repos\courses\modern c++\integer\integer\x64\debug\weakptr.obj
c:\users\souvi\source\repos\courses\modern c++\integer\integer\x64\debug\circularreference.obj
c:\users\souvi\source\repos\courses\modern c++\integer\integer\x64\debug\deleter.obj
c:\users\souvi\source\repos\courses\modern c++\integer\integer\x64\debug\stringdemo.obj
c:\users\souvi\source\repos\integer\x64\debug\integer.exe
c:\users\souvi\source\repos\integer\integer\x64\debug\integer.ilk
c:\users\souvi\source\repos\integer\x64\debug\integer.pdb
c:\users\souvi\source\repos\courses\modern c++\integer\x64\debug\integer.exe
c:\users\souvi\source\repos\courses\modern c++\integer\integer\x64\debug\integer.ilk
c:\users\souvi\source\repos\courses\modern c++\integer\x64\debug\integer.pdb
c:\users\souvi\source\repos\courses\modern c++\integer\integer\x64\debug\smartpointer.obj
c:\users\souvi\source\repos\courses\modern c++\integer\integer\x64\debug\integer.tlog\cl.command.1.tlog
c:\users\souvi\source\repos\courses\modern c++\integer\integer\x64\debug\integer.tlog\cl.read.1.tlog
c:\users\souvi\source\repos\courses\modern c++\integer\integer\x64\debug\integer.tlog\cl.write.1.tlog
c:\users\souvi\source\repos\courses\modern c++\integer\integer\x64\debug\integer.tlog\link.command.1.tlog
c:\users\souvi\source\repos\courses\modern c++\integer\integer\x64\debug\integer.tlog\link.read.1.tlog
c:\users\souvi\source\repos\courses\modern c++\integer\integer\x64\debug\integer.tlog\link.write.1.tlog
